#
# There is insufficient memory for the Java Runtime Environment to continue.
# Native memory allocation (mmap) failed to map 201326592 bytes for Failed to commit area from 0x0000000701e00000 to 0x000000070de00000 of length 201326592.
# Possible reasons:
#   The system is out of physical RAM or swap space
#   The process is running with CompressedOops enabled, and the Java Heap may be blocking the growth of the native heap
# Possible solutions:
#   Reduce memory load on the system
#   Increase physical memory or swap space
#   Check if swap backing store is full
#   Decrease Java heap size (-Xmx/-Xms)
#   Decrease number of Java threads
#   Decrease Java thread stack sizes (-Xss)
#   Set larger code cache with -XX:ReservedCodeCacheSize=
# This output file may be truncated or incomplete.
#
#  Out of Memory Error (t:/workspace/open/src/hotspot/os/windows/os_windows.cpp:3221), pid=812, tid=16068
#
# JRE version:  (10.0.2+13) (build )
# Java VM: Java HotSpot(TM) 64-Bit Server VM (10.0.2+13, mixed mode, aot, tiered, compressed oops, g1 gc, windows-amd64)
# No core dump will be written. Minidumps are not enabled by default on client versions of Windows
#

---------------  S U M M A R Y ------------

Command Line: -javaagent:C:\Program Files\JetBrains\IntelliJ IDEA Community Edition 2018.2.5\lib\idea_rt.jar=55783:C:\Program Files\JetBrains\IntelliJ IDEA Community Edition 2018.2.5\bin -Dfile.encoding=UTF-8 com.guzichenko.Main

Host: Intel(R) Core(TM) i5-7200U CPU @ 2.50GHz, 4 cores, 11G,  Windows 10 , 64 bit Build 17134 (10.0.17134.1)
Time: Tue Feb 05 23:36:53 2019 Oeieyiaey (ceia) elapsed time: 0 seconds (0d 0h 0m 0s)

---------------  T H R E A D  ---------------

Current thread (0x000001df070f0800):  JavaThread "Unknown thread" [_thread_in_vm, id=16068, stack(0x0000009766500000,0x0000009766600000)]

Stack: [0x0000009766500000,0x0000009766600000]
Native frames: (J=compiled Java code, j=interpreted, Vv=VM code, C=native code)
V  [jvm.dll+0x5a01a9]
V  [jvm.dll+0x6bcf31]
V  [jvm.dll+0x6be126]
V  [jvm.dll+0x6be7b3]
V  [jvm.dll+0x234978]
V  [jvm.dll+0x59dac4]
V  [jvm.dll+0x592825]
V  [jvm.dll+0x2f632b]
V  [jvm.dll+0x2f6295]
V  [jvm.dll+0x2f6172]
V  [jvm.dll+0x2f8366]
V  [jvm.dll+0x344293]
V  [jvm.dll+0x3449a6]
V  [jvm.dll+0x344393]
V  [jvm.dll+0x2c4628]
V  [jvm.dll+0x2c5771]
V  [jvm.dll+0x69d1db]
V  [jvm.dll+0x69e9fc]
V  [jvm.dll+0x3519e9]
V  [jvm.dll+0x6856a2]
V  [jvm.dll+0x3ba0c3]
V  [jvm.dll+0x3bc261]
C  [java.exe+0x3531]
C  [java.exe+0xe1af]
C  [java.exe+0xe356]
C  [KERNEL32.DLL+0x13034]
C  [ntdll.dll+0x73691]


---------------  P R O C E S S  ---------------

Threads class SMR info:
_java_thread_list=0x000001df05047c70, length=0, elements={
}

Java Threads: ( => current thread )

Other Threads:
  0x000001df0710a000 GCTaskThread "GC Thread#0" [stack: 0x0000009766600000,0x0000009766700000] [id=3140]
  0x000001df0710b800 GCTaskThread "GC Thread#1" [stack: 0x0000009766700000,0x0000009766800000] [id=13516]
  0x000001df0710e000 GCTaskThread "GC Thread#2" [stack: 0x0000009766800000,0x0000009766900000] [id=9760]
  0x000001df0710f800 GCTaskThread "GC Thread#3" [stack: 0x0000009766900000,0x0000009766a00000] [id=12604]
  0x000001df071bc800 ConcurrentGCThread "G1 Main Marker" [stack: 0x0000009766a00000,0x0000009766b00000] [id=15208]
  0x000001df071bf000 ConcurrentGCThread "G1 Conc#0" [stack: 0x0000009766b00000,0x0000009766c00000] [id=13632]

[error occurred during error reporting (printing all threads), id 0xe0000002]

VM state:not at safepoint (not fully initialized)

VM Mutex/Monitor currently owned by a thread:  ([mutex/lock_event])
[0x000001df070efce0] Heap_lock - owner thread: 0x000001df070f0800

Heap address: 0x0000000701e00000, size: 3042 MB, Compressed Oops mode: Non-zero based: 0x0000000701e00000
Narrow klass base: 0x0000000000000000, Narrow klass shift: 0

GC Heap History (0 events):
No events

Deoptimization events (0 events):
No events

Classes redefined (0 events):
No events

Internal exceptions (0 events):
No events

Events (0 events):
No events


Dynamic libraries:
0x00007ff75b620000 - 0x00007ff75b65e000 	C:\Program Files\Java\jdk-10.0.2\bin\java.exe
0x00007ffa12e30000 - 0x00007ffa13011000 	C:\WINDOWS\SYSTEM32\ntdll.dll
0x00007ffa127d0000 - 0x00007ffa12882000 	C:\WINDOWS\System32\KERNEL32.DLL
0x00007ffa0f320000 - 0x00007ffa0f593000 	C:\WINDOWS\System32\KERNELBASE.dll
0x00007ffa12ce0000 - 0x00007ffa12d81000 	C:\WINDOWS\System32\ADVAPI32.dll
0x00007ffa12ad0000 - 0x00007ffa12b6e000 	C:\WINDOWS\System32\msvcrt.dll
0x00007ffa12770000 - 0x00007ffa127cb000 	C:\WINDOWS\System32\sechost.dll
0x00007ffa10410000 - 0x00007ffa10534000 	C:\WINDOWS\System32\RPCRT4.dll
0x00007ffa10640000 - 0x00007ffa107d0000 	C:\WINDOWS\System32\USER32.dll
0x00007ffa0f200000 - 0x00007ffa0f220000 	C:\WINDOWS\System32\win32u.dll
0x00007ffa12cb0000 - 0x00007ffa12cd8000 	C:\WINDOWS\System32\GDI32.dll
0x00007ffa0f910000 - 0x00007ffa0faa2000 	C:\WINDOWS\System32\gdi32full.dll
0x00007ffa0f600000 - 0x00007ffa0f69f000 	C:\WINDOWS\System32\msvcp_win.dll
0x00007ffa0f220000 - 0x00007ffa0f31a000 	C:\WINDOWS\System32\ucrtbase.dll
0x00007ffa00880000 - 0x00007ffa00ae9000 	C:\WINDOWS\WinSxS\amd64_microsoft.windows.common-controls_6595b64144ccf1df_6.0.17134.523_none_fb409dd930672a56\COMCTL32.dll
0x00007ffa03fb0000 - 0x00007ffa03fba000 	C:\WINDOWS\SYSTEM32\VERSION.dll
0x00007ffa10880000 - 0x00007ffa10ba2000 	C:\WINDOWS\System32\combase.dll
0x00007ffa0f890000 - 0x00007ffa0f90a000 	C:\WINDOWS\System32\bcryptPrimitives.dll
0x00007ffa12b70000 - 0x00007ffa12b9d000 	C:\WINDOWS\System32\IMM32.DLL
0x00007ff9e6f10000 - 0x00007ff9e6fff000 	C:\Program Files\Java\jdk-10.0.2\bin\msvcr120.dll
0x00007ff9e6e60000 - 0x00007ff9e6f06000 	C:\Program Files\Java\jdk-10.0.2\bin\msvcp120.dll
0x00000000753f0000 - 0x0000000075e60000 	C:\Program Files\Java\jdk-10.0.2\bin\server\jvm.dll
0x00007ffa11310000 - 0x00007ffa11318000 	C:\WINDOWS\System32\PSAPI.DLL
0x00007ffa0a840000 - 0x00007ffa0a849000 	C:\WINDOWS\SYSTEM32\WSOCK32.dll
0x00007ffa0d2a0000 - 0x00007ffa0d2c3000 	C:\WINDOWS\SYSTEM32\WINMM.dll
0x00007ffa12d90000 - 0x00007ffa12dfc000 	C:\WINDOWS\System32\WS2_32.dll
0x00007ffa0ce40000 - 0x00007ffa0ce6a000 	C:\WINDOWS\SYSTEM32\WINMMBASE.dll
0x00007ffa0fab0000 - 0x00007ffa0faf9000 	C:\WINDOWS\System32\cfgmgr32.dll
0x00007ffa00af0000 - 0x00007ffa00aff000 	C:\Program Files\Java\jdk-10.0.2\bin\verify.dll
0x00007ff9f8f20000 - 0x00007ff9f90e9000 	C:\WINDOWS\SYSTEM32\DBGHELP.DLL
0x00007ff9f9140000 - 0x00007ff9f9169000 	C:\WINDOWS\SYSTEM32\dbgcore.DLL
0x00007ff9fa150000 - 0x00007ff9fa177000 	C:\Program Files\Java\jdk-10.0.2\bin\java.dll
0x00007ffa00b40000 - 0x00007ffa00b6a000 	C:\Program Files\Java\jdk-10.0.2\bin\instrument.dll
0x00007ff9fa130000 - 0x00007ff9fa146000 	C:\Program Files\Java\jdk-10.0.2\bin\zip.dll
0x00007ffa00710000 - 0x00007ffa0071a000 	C:\Program Files\Java\jdk-10.0.2\bin\jimage.dll

dbghelp: loaded successfully - version: 4.0.5 - missing functions: none
symbol engine: initialized successfully - sym options: 0x614 - pdb path: .;C:\Program Files\Java\jdk-10.0.2\bin;C:\WINDOWS\SYSTEM32;C:\WINDOWS\WinSxS\amd64_microsoft.windows.common-controls_6595b64144ccf1df_6.0.17134.523_none_fb409dd930672a56;C:\Program Files\Java\jdk-10.0.2\bin\server

VM Arguments:
jvm_args: -javaagent:C:\Program Files\JetBrains\IntelliJ IDEA Community Edition 2018.2.5\lib\idea_rt.jar=55783:C:\Program Files\JetBrains\IntelliJ IDEA Community Edition 2018.2.5\bin -Dfile.encoding=UTF-8 
java_command: com.guzichenko.Main
java_class_path (initial): C:\Users\User\IdeaProjects\ContactBook\out\production\ContactBook;C:\Program Files (x86)\H2\bin\h2-1.4.197.jar
Launcher Type: SUN_STANDARD

Logging:
Log output configuration:
#0: stdout all=warning uptime,level,tags
#1: stderr all=off uptime,level,tags

Environment Variables:
PATH=C:\Program Files (x86)\Common Files\Oracle\Java\javapath;C:\WINDOWS\system32;C:\WINDOWS;C:\WINDOWS\System32\Wbem;C:\WINDOWS\System32\WindowsPowerShell\v1.0\;C:\WINDOWS\System32\OpenSSH\;C:\Users\User\AppData\Local\Microsoft\WindowsApps;
USERNAME=User
OS=Windows_NT
PROCESSOR_IDENTIFIER=Intel64 Family 6 Model 142 Stepping 9, GenuineIntel



---------------  S Y S T E M  ---------------

OS: Windows 10 , 64 bit Build 17134 (10.0.17134.1)

CPU:total 4 (initial active 4) (2 cores per cpu, 2 threads per core) family 6 model 142 stepping 9, cmov, cx8, fxsr, mmx, sse, sse2, sse3, ssse3, sse4.1, sse4.2, popcnt, avx, avx2, aes, clmul, erms, 3dnowpref, lzcnt, ht, tsc, tscinvbit, bmi1, bmi2, adx, fma

Memory: 4k page, physical 12455524k(4276180k free), swap 18853472k(134772k free)

vm_info: Java HotSpot(TM) 64-Bit Server VM (10.0.2+13) for windows-amd64 JRE (10.0.2+13), built on Jun 28 2018 01:57:56 by "mach5one" with MS VC++ 12.0 (VS2013)

END.
